<?xml version="1.0" encoding="UTF-8"?>
<testng-results skipped="1" failed="0" ignored="0" total="1" passed="0">
  <reporter-output>
  </reporter-output>
  <suite name="Default suite" duration-ms="20419" started-at="2018-02-23T16:59:52Z" finished-at="2018-02-23T17:00:13Z">
    <groups>
    </groups>
    <test name="Default test" duration-ms="20419" started-at="2018-02-23T16:59:52Z" finished-at="2018-02-23T17:00:13Z">
      <class name="com.bestbuy.demotests.testpages.TestClass">
        <test-method status="FAIL" signature="setUp()[pri:0, instance:com.bestbuy.demotests.testpages.TestClass@5649fd9b]" name="setUp" is-config="true" duration-ms="20388" started-at="2018-02-23T20:59:52Z" finished-at="2018-02-23T21:00:13Z">
          <exception class="java.lang.RuntimeException">
            <message>
              <![CDATA[could not create the chrome driver]]>
            </message>
            <full-stacktrace>
              <![CDATA[java.lang.RuntimeException: could not create the chrome driverat com.bestbuy.demo.utils.Driver.BrowserDriver.createChromeDriver(BrowserDriver.java:65)at com.bestbuy.demo.utils.Driver.BrowserDriver.createDriver(BrowserDriver.java:45)at com.bestbuy.demo.utils.Driver.BrowserDriver.<init>(BrowserDriver.java:32)at com.bestbuy.demotests.BaseTest.BaseTestClass.setUp(BaseTestClass.java:18)at sun.reflect.NativeMethodAccessorImpl.invoke0(Native Method)at sun.reflect.NativeMethodAccessorImpl.invoke(NativeMethodAccessorImpl.java:62)at sun.reflect.DelegatingMethodAccessorImpl.invoke(DelegatingMethodAccessorImpl.java:43)at java.lang.reflect.Method.invoke(Method.java:498)at org.testng.internal.MethodInvocationHelper.invokeMethod(MethodInvocationHelper.java:124)at org.testng.internal.MethodInvocationHelper.invokeMethodConsideringTimeout(MethodInvocationHelper.java:59)at org.testng.internal.Invoker.invokeConfigurationMethod(Invoker.java:451)at org.testng.internal.Invoker.invokeConfigurations(Invoker.java:222)at org.testng.internal.Invoker.invokeMethod(Invoker.java:516)at org.testng.internal.Invoker.invokeTestMethod(Invoker.java:707)at org.testng.internal.Invoker.invokeTestMethods(Invoker.java:979)at org.testng.internal.TestMethodWorker.invokeTestMethods(TestMethodWorker.java:125)at org.testng.internal.TestMethodWorker.run(TestMethodWorker.java:109)at org.testng.TestRunner.privateRun(TestRunner.java:648)at org.testng.TestRunner.run(TestRunner.java:505)at org.testng.SuiteRunner.runTest(SuiteRunner.java:455)at org.testng.SuiteRunner.runSequentially(SuiteRunner.java:450)at org.testng.SuiteRunner.privateRun(SuiteRunner.java:415)at org.testng.SuiteRunner.run(SuiteRunner.java:364)at org.testng.SuiteRunnerWorker.runSuite(SuiteRunnerWorker.java:52)at org.testng.SuiteRunnerWorker.run(SuiteRunnerWorker.java:84)at org.testng.TestNG.runSuitesSequentially(TestNG.java:1187)at org.testng.TestNG.runSuitesLocally(TestNG.java:1116)at org.testng.TestNG.runSuites(TestNG.java:1028)at org.testng.TestNG.run(TestNG.java:996)at org.testng.remote.AbstractRemoteTestNG.run(AbstractRemoteTestNG.java:114)at org.testng.remote.RemoteTestNG.initAndRun(RemoteTestNG.java:251)at org.testng.remote.RemoteTestNG.main(RemoteTestNG.java:77)]]>
            </full-stacktrace>
          </exception> <!-- java.lang.RuntimeException -->
          <reporter-output>
          </reporter-output>
        </test-method> <!-- setUp -->
        <test-method status="SKIP" signature="transactionFailsForIncorrectPaymentInfo(java.lang.String)[pri:0, instance:com.bestbuy.demotests.testpages.TestClass@5649fd9b]" name="transactionFailsForIncorrectPaymentInfo" duration-ms="0" started-at="2018-02-23T21:00:13Z" data-provider="keywordValues" finished-at="2018-02-23T21:00:13Z">
          <exception class="java.lang.RuntimeException">
            <message>
              <![CDATA[could not create the chrome driver]]>
            </message>
            <full-stacktrace>
              <![CDATA[java.lang.RuntimeException: could not create the chrome driverat com.bestbuy.demo.utils.Driver.BrowserDriver.createChromeDriver(BrowserDriver.java:65)at com.bestbuy.demo.utils.Driver.BrowserDriver.createDriver(BrowserDriver.java:45)at com.bestbuy.demo.utils.Driver.BrowserDriver.<init>(BrowserDriver.java:32)at com.bestbuy.demotests.BaseTest.BaseTestClass.setUp(BaseTestClass.java:18)at sun.reflect.NativeMethodAccessorImpl.invoke0(Native Method)at sun.reflect.NativeMethodAccessorImpl.invoke(NativeMethodAccessorImpl.java:62)at sun.reflect.DelegatingMethodAccessorImpl.invoke(DelegatingMethodAccessorImpl.java:43)at java.lang.reflect.Method.invoke(Method.java:498)at org.testng.internal.MethodInvocationHelper.invokeMethod(MethodInvocationHelper.java:124)at org.testng.internal.MethodInvocationHelper.invokeMethodConsideringTimeout(MethodInvocationHelper.java:59)at org.testng.internal.Invoker.invokeConfigurationMethod(Invoker.java:451)at org.testng.internal.Invoker.invokeConfigurations(Invoker.java:222)at org.testng.internal.Invoker.invokeMethod(Invoker.java:516)at org.testng.internal.Invoker.invokeTestMethod(Invoker.java:707)at org.testng.internal.Invoker.invokeTestMethods(Invoker.java:979)at org.testng.internal.TestMethodWorker.invokeTestMethods(TestMethodWorker.java:125)at org.testng.internal.TestMethodWorker.run(TestMethodWorker.java:109)at org.testng.TestRunner.privateRun(TestRunner.java:648)at org.testng.TestRunner.run(TestRunner.java:505)at org.testng.SuiteRunner.runTest(SuiteRunner.java:455)at org.testng.SuiteRunner.runSequentially(SuiteRunner.java:450)at org.testng.SuiteRunner.privateRun(SuiteRunner.java:415)at org.testng.SuiteRunner.run(SuiteRunner.java:364)at org.testng.SuiteRunnerWorker.runSuite(SuiteRunnerWorker.java:52)at org.testng.SuiteRunnerWorker.run(SuiteRunnerWorker.java:84)at org.testng.TestNG.runSuitesSequentially(TestNG.java:1187)at org.testng.TestNG.runSuitesLocally(TestNG.java:1116)at org.testng.TestNG.runSuites(TestNG.java:1028)at org.testng.TestNG.run(TestNG.java:996)at org.testng.remote.AbstractRemoteTestNG.run(AbstractRemoteTestNG.java:114)at org.testng.remote.RemoteTestNG.initAndRun(RemoteTestNG.java:251)at org.testng.remote.RemoteTestNG.main(RemoteTestNG.java:77)]]>
            </full-stacktrace>
          </exception> <!-- java.lang.RuntimeException -->
          <reporter-output>
          </reporter-output>
        </test-method> <!-- transactionFailsForIncorrectPaymentInfo -->
        <test-method status="SKIP" signature="tearDown()[pri:0, instance:com.bestbuy.demotests.testpages.TestClass@5649fd9b]" name="tearDown" is-config="true" duration-ms="0" started-at="2018-02-23T21:00:13Z" finished-at="2018-02-23T21:00:13Z">
          <reporter-output>
          </reporter-output>
        </test-method> <!-- tearDown -->
      </class> <!-- com.bestbuy.demotests.testpages.TestClass -->
    </test> <!-- Default test -->
  </suite> <!-- Default suite -->
</testng-results>
